💬 [0;34mINFO:[0m  Found 16 CPUs, which we might use for building.
💬 [0;34mINFO:[0m  building docker image.
💬 [0;34mINFO:[0m  not doing fresh clone.
💬 [0;34mINFO:[0m  building binary...
💬 [0;34mINFO:[0m  Found 16 CPUs, which we might use for building.
💬 [0;34mINFO:[0m  downloading some dependencies.
💬 [0;34mINFO:[0m  building python.
💬 [0;34mINFO:[0m  python already built, skipping
💬 [0;34mINFO:[0m  installing python.
💬 [0;34mINFO:[0m  libsecp256k1 already built, skipping
💬 [0;34mINFO:[0m  building libxcb-util1.
💬 [0;34mINFO:[0m  libxcb-util1 already built, skipping
💬 [0;34mINFO:[0m  installing pip.
Looking in links: /tmp/tmpqhehsx38
Requirement already satisfied: pip in ./build/appimage/electrum.AppDir/usr/lib/python3.12/site-packages (25.0.1)
💬 [0;34mINFO:[0m  Intentionally breaking legacy easy_install.
💬 [0;34mINFO:[0m  preparing electrum-locale.
💬 [0;34mINFO:[0m  Installing build dependencies.
Collecting flit-core==3.8.0 (from -r /opt/electrum/contrib/build-linux/appimage/../../../contrib/deterministic-build/requirements-build-base.txt (line 1))
  Using cached flit_core-3.8.0-py3-none-any.whl (62 kB)
Collecting packaging==21.3 (from -r /opt/electrum/contrib/build-linux/appimage/../../../contrib/deterministic-build/requirements-build-base.txt (line 4))
  Using cached packaging-21.3-py3-none-any.whl (40 kB)
Collecting pip==24.0 (from -r /opt/electrum/contrib/build-linux/appimage/../../../contrib/deterministic-build/requirements-build-base.txt (line 7))
  Using cached pip-24.0-py3-none-any.whl (2.1 MB)
Collecting poetry-core==1.3.2 (from -r /opt/electrum/contrib/build-linux/appimage/../../../contrib/deterministic-build/requirements-build-base.txt (line 10))
  Using cached poetry_core-1.3.2-py3-none-any.whl (531 kB)
Collecting pyparsing==3.0.9 (from -r /opt/electrum/contrib/build-linux/appimage/../../../contrib/deterministic-build/requirements-build-base.txt (line 13))
  Using cached pyparsing-3.0.9-py3-none-any.whl (98 kB)
Collecting setuptools==69.0.3 (from -r /opt/electrum/contrib/build-linux/appimage/../../../contrib/deterministic-build/requirements-build-base.txt (line 16))
  Using cached setuptools-69.0.3-py3-none-any.whl (819 kB)
Collecting setuptools-scm==7.0.5 (from -r /opt/electrum/contrib/build-linux/appimage/../../../contrib/deterministic-build/requirements-build-base.txt (line 19))
  Using cached setuptools_scm-7.0.5-py3-none-any.whl (42 kB)
Collecting tomli==2.0.1 (from -r /opt/electrum/contrib/build-linux/appimage/../../../contrib/deterministic-build/requirements-build-base.txt (line 22))
  Using cached tomli-2.0.1-py3-none-any.whl (12 kB)
Collecting typing-extensions==4.4.0 (from -r /opt/electrum/contrib/build-linux/appimage/../../../contrib/deterministic-build/requirements-build-base.txt (line 25))
  Using cached typing_extensions-4.4.0-py3-none-any.whl (26 kB)
Collecting wheel==0.38.4 (from -r /opt/electrum/contrib/build-linux/appimage/../../../contrib/deterministic-build/requirements-build-base.txt (line 28))
  Using cached wheel-0.38.4-py3-none-any.whl (36 kB)
Installing collected packages: wheel, typing-extensions, tomli, setuptools-scm, setuptools, pyparsing, poetry-core, pip, packaging, flit-core
  Attempting uninstall: pip
    Found existing installation: pip 25.0.1
    Uninstalling pip-25.0.1:
      Successfully uninstalled pip-25.0.1
Successfully installed flit-core-3.8.0 packaging-21.3 pip-24.0 poetry-core-1.3.2 pyparsing-3.0.9 setuptools-69.0.3 setuptools-scm-7.0.5 tomli-2.0.1 typing-extensions-4.4.0 wheel-0.38.4
Collecting Cython==3.0.8 (from -r /opt/electrum/contrib/build-linux/appimage/../../../contrib/deterministic-build/requirements-build-appimage.txt (line 1))
  Using cached Cython-3.0.8-cp312-cp312-linux_x86_64.whl
Requirement already satisfied: pip==24.0 in ./build/appimage/electrum.AppDir/usr/lib/python3.12/site-packages (from -r /opt/electrum/contrib/build-linux/appimage/../../../contrib/deterministic-build/requirements-build-appimage.txt (line 3)) (24.0)
Requirement already satisfied: setuptools==69.0.3 in ./build/appimage/electrum.AppDir/usr/lib/python3.12/site-packages (from -r /opt/electrum/contrib/build-linux/appimage/../../../contrib/deterministic-build/requirements-build-appimage.txt (line 5)) (69.0.3)
Requirement already satisfied: wheel==0.38.4 in ./build/appimage/electrum.AppDir/usr/lib/python3.12/site-packages (from -r /opt/electrum/contrib/build-linux/appimage/../../../contrib/deterministic-build/requirements-build-appimage.txt (line 7)) (0.38.4)
Installing collected packages: Cython
Successfully installed Cython-3.0.8
💬 [0;34mINFO:[0m  installing electrum and its dependencies.
Collecting aiohttp==3.8.3 (from -r /opt/electrum/contrib/build-linux/appimage/../../../contrib/deterministic-build/requirements.txt (line 1))
  Using cached aiohttp-3.8.3-py3-none-any.whl
Collecting aiohttp-socks==0.8.4 (from -r /opt/electrum/contrib/build-linux/appimage/../../../contrib/deterministic-build/requirements.txt (line 3))
  Using cached aiohttp_socks-0.8.4-py3-none-any.whl
Collecting aiorpcX==0.22.1 (from -r /opt/electrum/contrib/build-linux/appimage/../../../contrib/deterministic-build/requirements.txt (line 5))
  Using cached aiorpcX-0.22.1-py3-none-any.whl
Collecting aiosignal==1.3.1 (from -r /opt/electrum/contrib/build-linux/appimage/../../../contrib/deterministic-build/requirements.txt (line 7))
  Using cached aiosignal-1.3.1-py3-none-any.whl
Collecting async-timeout==4.0.2 (from -r /opt/electrum/contrib/build-linux/appimage/../../../contrib/deterministic-build/requirements.txt (line 9))
  Using cached async_timeout-4.0.2-py3-none-any.whl
Collecting attrs==22.1.0 (from -r /opt/electrum/contrib/build-linux/appimage/../../../contrib/deterministic-build/requirements.txt (line 11))
  Using cached attrs-22.1.0-py2.py3-none-any.whl
Collecting bitstring==3.1.9 (from -r /opt/electrum/contrib/build-linux/appimage/../../../contrib/deterministic-build/requirements.txt (line 13))
  Using cached bitstring-3.1.9-py3-none-any.whl
Collecting certifi==2023.11.17 (from -r /opt/electrum/contrib/build-linux/appimage/../../../contrib/deterministic-build/requirements.txt (line 15))
  Using cached certifi-2023.11.17-py3-none-any.whl
Collecting charset-normalizer==2.1.1 (from -r /opt/electrum/contrib/build-linux/appimage/../../../contrib/deterministic-build/requirements.txt (line 17))
  Using cached charset_normalizer-2.1.1-py3-none-any.whl
Collecting dnspython==2.2.1 (from -r /opt/electrum/contrib/build-linux/appimage/../../../contrib/deterministic-build/requirements.txt (line 19))
  Using cached dnspython-2.2.1-py3-none-any.whl
Collecting frozenlist==1.3.3 (from -r /opt/electrum/contrib/build-linux/appimage/../../../contrib/deterministic-build/requirements.txt (line 21))
  Using cached frozenlist-1.3.3-py3-none-any.whl
Collecting idna==3.4 (from -r /opt/electrum/contrib/build-linux/appimage/../../../contrib/deterministic-build/requirements.txt (line 23))
  Using cached idna-3.4-py3-none-any.whl
Collecting jsonpatch==1.33 (from -r /opt/electrum/contrib/build-linux/appimage/../../../contrib/deterministic-build/requirements.txt (line 25))
  Using cached jsonpatch-1.33-py2.py3-none-any.whl
Collecting jsonpointer==2.3 (from -r /opt/electrum/contrib/build-linux/appimage/../../../contrib/deterministic-build/requirements.txt (line 27))
  Using cached jsonpointer-2.3-py2.py3-none-any.whl
Collecting multidict==6.0.2 (from -r /opt/electrum/contrib/build-linux/appimage/../../../contrib/deterministic-build/requirements.txt (line 29))
  Using cached multidict-6.0.2-py3-none-any.whl
Requirement already satisfied: packaging==21.3 in ./build/appimage/electrum.AppDir/usr/lib/python3.12/site-packages (from -r /opt/electrum/contrib/build-linux/appimage/../../../contrib/deterministic-build/requirements.txt (line 31)) (21.3)
Requirement already satisfied: pip==24.0 in ./build/appimage/electrum.AppDir/usr/lib/python3.12/site-packages (from -r /opt/electrum/contrib/build-linux/appimage/../../../contrib/deterministic-build/requirements.txt (line 33)) (24.0)
Collecting protobuf==3.20.3 (from -r /opt/electrum/contrib/build-linux/appimage/../../../contrib/deterministic-build/requirements.txt (line 35))
  Using cached protobuf-3.20.3-py2.py3-none-any.whl
Requirement already satisfied: pyparsing==3.0.9 in ./build/appimage/electrum.AppDir/usr/lib/python3.12/site-packages (from -r /opt/electrum/contrib/build-linux/appimage/../../../contrib/deterministic-build/requirements.txt (line 37)) (3.0.9)
Collecting python-socks==2.4.3 (from -r /opt/electrum/contrib/build-linux/appimage/../../../contrib/deterministic-build/requirements.txt (line 39))
  Using cached python_socks-2.4.3-py3-none-any.whl
Collecting QDarkStyle==3.1 (from -r /opt/electrum/contrib/build-linux/appimage/../../../contrib/deterministic-build/requirements.txt (line 41))
  Using cached QDarkStyle-3.1-py2.py3-none-any.whl
Collecting qrcode==7.3.1 (from -r /opt/electrum/contrib/build-linux/appimage/../../../contrib/deterministic-build/requirements.txt (line 43))
  Using cached qrcode-7.3.1-py3-none-any.whl
Collecting QtPy==2.3.0 (from -r /opt/electrum/contrib/build-linux/appimage/../../../contrib/deterministic-build/requirements.txt (line 45))
  Using cached QtPy-2.3.0-py3-none-any.whl
Requirement already satisfied: setuptools==69.0.3 in ./build/appimage/electrum.AppDir/usr/lib/python3.12/site-packages (from -r /opt/electrum/contrib/build-linux/appimage/../../../contrib/deterministic-build/requirements.txt (line 47)) (69.0.3)
Requirement already satisfied: wheel==0.38.4 in ./build/appimage/electrum.AppDir/usr/lib/python3.12/site-packages (from -r /opt/electrum/contrib/build-linux/appimage/../../../contrib/deterministic-build/requirements.txt (line 49)) (0.38.4)
Collecting yarl==1.8.1 (from -r /opt/electrum/contrib/build-linux/appimage/../../../contrib/deterministic-build/requirements.txt (line 51))
  Using cached yarl-1.8.1-py3-none-any.whl
Installing collected packages: QDarkStyle, python-socks, bitstring, aiohttp-socks, yarl, QtPy, qrcode, protobuf, multidict, jsonpointer, jsonpatch, idna, frozenlist, dnspython, charset-normalizer, certifi, attrs, async-timeout, aiosignal, aiorpcX, aiohttp
Successfully installed QDarkStyle-3.1 QtPy-2.3.0 aiohttp-3.8.3 aiohttp-socks-0.8.4 aiorpcX-0.22.1 aiosignal-1.3.1 async-timeout-4.0.2 attrs-22.1.0 bitstring-3.1.9 certifi-2023.11.17 charset-normalizer-2.1.1 dnspython-2.2.1 frozenlist-1.3.3 idna-3.4 jsonpatch-1.33 jsonpointer-2.3 multidict-6.0.2 protobuf-3.20.3 python-socks-2.4.3 qrcode-7.3.1 yarl-1.8.1
Collecting cffi==1.15.1 (from -r /opt/electrum/contrib/build-linux/appimage/../../../contrib/deterministic-build/requirements-binaries.txt (line 1))
  Using cached cffi-1.15.1.tar.gz (508 kB)
  Preparing metadata (setup.py): started
  Preparing metadata (setup.py): finished with status 'done'
Collecting cryptography==38.0.3 (from -r /opt/electrum/contrib/build-linux/appimage/../../../contrib/deterministic-build/requirements-binaries.txt (line 66))
  Using cached cryptography-38.0.3-cp36-abi3-manylinux_2_28_x86_64.whl (4.2 MB)
Collecting pip==22.3.1 (from -r /opt/electrum/contrib/build-linux/appimage/../../../contrib/deterministic-build/requirements-binaries.txt (line 93))
  Using cached pip-22.3.1.tar.gz (2.1 MB)
  Preparing metadata (pyproject.toml): started
  Preparing metadata (pyproject.toml): finished with status 'done'
Collecting pycparser==2.21 (from -r /opt/electrum/contrib/build-linux/appimage/../../../contrib/deterministic-build/requirements-binaries.txt (line 96))
  Using cached pycparser-2.21.tar.gz (170 kB)
  Preparing metadata (setup.py): started
  Preparing metadata (setup.py): finished with status 'done'
Collecting PyQt5==5.15.9 (from -r /opt/electrum/contrib/build-linux/appimage/../../../contrib/deterministic-build/requirements-binaries.txt (line 99))
  Using cached PyQt5-5.15.9-cp37-abi3-manylinux_2_17_x86_64.whl (8.4 MB)
Collecting PyQt5-Qt5==5.15.2 (from -r /opt/electrum/contrib/build-linux/appimage/../../../contrib/deterministic-build/requirements-binaries.txt (line 105))
  Using cached PyQt5_Qt5-5.15.2-py3-none-manylinux2014_x86_64.whl (59.9 MB)
Collecting PyQt5-sip==12.12.1 (from -r /opt/electrum/contrib/build-linux/appimage/../../../contrib/deterministic-build/requirements-binaries.txt (line 110))
  Using cached PyQt5_sip-12.12.1.tar.gz (122 kB)
  Preparing metadata (pyproject.toml): started
  Preparing metadata (pyproject.toml): finished with status 'done'
Collecting scrypt==0.9.4 (from -r /opt/electrum/contrib/build-linux/appimage/../../../contrib/deterministic-build/requirements-binaries.txt (line 132))
  Using cached scrypt-0.9.4.tar.gz (84 kB)
  Preparing metadata (pyproject.toml): started
  Preparing metadata (pyproject.toml): finished with status 'done'
Requirement already satisfied: setuptools==69.0.3 in ./build/appimage/electrum.AppDir/usr/lib/python3.12/site-packages (from -r /opt/electrum/contrib/build-linux/appimage/../../../contrib/deterministic-build/requirements-binaries.txt (line 152)) (69.0.3)
Requirement already satisfied: wheel==0.38.4 in ./build/appimage/electrum.AppDir/usr/lib/python3.12/site-packages (from -r /opt/electrum/contrib/build-linux/appimage/../../../contrib/deterministic-build/requirements-binaries.txt (line 155)) (0.38.4)
Building wheels for collected packages: cffi, pip, pycparser, PyQt5-sip, scrypt
  Building wheel for cffi (setup.py): started
  Building wheel for cffi (setup.py): finished with status 'done'
  Created wheel for cffi: filename=cffi-1.15.1-cp312-cp312-linux_x86_64.whl size=449967 sha256=e7ebca72054f347b51eb7b1999d43e82e3224dc4b3dd10b621e5d2e60891b62a
  Stored in directory: /opt/electrum/contrib/build-linux/appimage/.cache/pip_cache/wheels/3a/2a/71/6b7440057c755c3f53076056b834d2d9aad2531db1ed555be4
  Building wheel for pip (pyproject.toml): started
  Building wheel for pip (pyproject.toml): finished with status 'done'
  Created wheel for pip: filename=pip-22.3.1-py3-none-any.whl size=2053013 sha256=12981660937383c4b2adf6e8afcc4a4fe0655bd551be5574a1b7367ba60f1ded
  Stored in directory: /opt/electrum/contrib/build-linux/appimage/.cache/pip_cache/wheels/db/de/1d/ba967268dcc272fbc98acca3015700f21177850646e06441bd
  Building wheel for pycparser (setup.py): started
  Building wheel for pycparser (setup.py): finished with status 'done'
  Created wheel for pycparser: filename=pycparser-2.21-py2.py3-none-any.whl size=118719 sha256=c3e1db7829bccf8479576a32599b19185aa2e19d2470dcb5eb1629b0b30f5a59
  Stored in directory: /opt/electrum/contrib/build-linux/appimage/.cache/pip_cache/wheels/a7/87/dd/b205800ee8f03e5fb4b8f5742c10bb31cd67b2cc52f2c3c142
  Building wheel for PyQt5-sip (pyproject.toml): started
  Building wheel for PyQt5-sip (pyproject.toml): finished with status 'done'
  Created wheel for PyQt5-sip: filename=PyQt5_sip-12.12.1-cp312-cp312-linux_x86_64.whl size=380852 sha256=317afd223affc8ce07e5205b4a75d34595debb7901d6f0c97a333f194e6bda47
  Stored in directory: /opt/electrum/contrib/build-linux/appimage/.cache/pip_cache/wheels/cf/e0/e9/5ebcc125b511ca943859fb9dc85aa3e2a633396f19cea12e6c
  Building wheel for scrypt (pyproject.toml): started
  Building wheel for scrypt (pyproject.toml): finished with status 'done'
  Created wheel for scrypt: filename=scrypt-0.9.4-cp312-cp312-linux_x86_64.whl size=105817 sha256=9ed2d1f17a0d8a823dd66ddcdffd5031f17996018358843811b1499670fb2805
  Stored in directory: /opt/electrum/contrib/build-linux/appimage/.cache/pip_cache/wheels/91/52/3c/16a3cab7562516e9c8b2e9b643ce2d9dd94363327c6f179fa4
Successfully built cffi pip pycparser PyQt5-sip scrypt
Installing collected packages: scrypt, PyQt5-Qt5, cffi, PyQt5-sip, PyQt5, pycparser, pip, cryptography
  Attempting uninstall: pip
    Found existing installation: pip 24.0
    Uninstalling pip-24.0:
      Successfully uninstalled pip-24.0
Successfully installed PyQt5-5.15.9 PyQt5-Qt5-5.15.2 PyQt5-sip-12.12.1 cffi-1.15.1 cryptography-38.0.3 pip-22.3.1 pycparser-2.21 scrypt-0.9.4
