💬 [0;34mINFO:[0m  Found 16 CPUs, which we might use for building.
💬 [0;34mINFO:[0m  building docker image.
💬 [0;34mINFO:[0m  not doing fresh clone.
💬 [0;34mINFO:[0m  building binary...
💬 [0;34mINFO:[0m  Found 16 CPUs, which we might use for building.
💬 [0;34mINFO:[0m  downloading some dependencies.
💬 [0;34mINFO:[0m  building python.
💬 [0;34mINFO:[0m  python already built, skipping
💬 [0;34mINFO:[0m  installing python.
💬 [0;34mINFO:[0m  libsecp256k1 already built, skipping
💬 [0;34mINFO:[0m  building libxcb-util1.
💬 [0;34mINFO:[0m  libxcb-util1 already built, skipping
💬 [0;34mINFO:[0m  installing pip.
Looking in links: /tmp/tmpedn40eqn
Requirement already satisfied: pip in ./build/appimage/electrum.AppDir/usr/lib/python3.12/site-packages (25.0.1)
💬 [0;34mINFO:[0m  Intentionally breaking legacy easy_install.
💬 [0;34mINFO:[0m  preparing electrum-locale.
💬 [0;34mINFO:[0m  Installing build dependencies.
Collecting flit-core==3.8.0 (from -r /opt/electrum/contrib/build-linux/appimage/../../../contrib/deterministic-build/requirements-build-base.txt (line 1))
  Using cached flit_core-3.8.0-py3-none-any.whl (62 kB)
Collecting packaging==21.3 (from -r /opt/electrum/contrib/build-linux/appimage/../../../contrib/deterministic-build/requirements-build-base.txt (line 4))
  Using cached packaging-21.3-py3-none-any.whl (40 kB)
Collecting pip==24.0 (from -r /opt/electrum/contrib/build-linux/appimage/../../../contrib/deterministic-build/requirements-build-base.txt (line 7))
  Using cached pip-24.0-py3-none-any.whl (2.1 MB)
Collecting poetry-core==1.3.2 (from -r /opt/electrum/contrib/build-linux/appimage/../../../contrib/deterministic-build/requirements-build-base.txt (line 10))
  Using cached poetry_core-1.3.2-py3-none-any.whl (531 kB)
Collecting pyparsing==3.0.9 (from -r /opt/electrum/contrib/build-linux/appimage/../../../contrib/deterministic-build/requirements-build-base.txt (line 13))
  Using cached pyparsing-3.0.9-py3-none-any.whl (98 kB)
Collecting setuptools==69.0.3 (from -r /opt/electrum/contrib/build-linux/appimage/../../../contrib/deterministic-build/requirements-build-base.txt (line 16))
  Using cached setuptools-69.0.3-py3-none-any.whl (819 kB)
Collecting setuptools-scm==7.0.5 (from -r /opt/electrum/contrib/build-linux/appimage/../../../contrib/deterministic-build/requirements-build-base.txt (line 19))
  Using cached setuptools_scm-7.0.5-py3-none-any.whl (42 kB)
Collecting tomli==2.0.1 (from -r /opt/electrum/contrib/build-linux/appimage/../../../contrib/deterministic-build/requirements-build-base.txt (line 22))
  Using cached tomli-2.0.1-py3-none-any.whl (12 kB)
Collecting typing-extensions==4.4.0 (from -r /opt/electrum/contrib/build-linux/appimage/../../../contrib/deterministic-build/requirements-build-base.txt (line 25))
  Using cached typing_extensions-4.4.0-py3-none-any.whl (26 kB)
Collecting wheel==0.38.4 (from -r /opt/electrum/contrib/build-linux/appimage/../../../contrib/deterministic-build/requirements-build-base.txt (line 28))
  Using cached wheel-0.38.4-py3-none-any.whl (36 kB)
Collecting hatchling==1.18.0 (from -r /opt/electrum/contrib/build-linux/appimage/../../../contrib/deterministic-build/requirements-build-base.txt (line 31))
  Using cached hatchling-1.18.0.tar.gz (57 kB)
  Preparing metadata (pyproject.toml): started
  Preparing metadata (pyproject.toml): finished with status 'error'
